<?xml version="1.0" encoding="UTF-8"?>
<!-- Generated by org.testng.reporters.JUnitReportReporter -->
<testsuite hostname="DESKTOP-V4U71TT" failures="0" tests="6" name="com.tutorialsninja.testcases.LoginTestForNoOfUnsucessfulloginattempts" time="6.489" errors="0" timestamp="2023-07-06T08:00:35 IST" skipped="0">
  <testcase classname="com.tutorialsninja.testcases.LoginTestForNoOfUnsucessfulloginattempts" name="verifynoofunsucessloginattempts" time="0.836"/>
  <system-out/>
  <testcase classname="com.tutorialsninja.testcases.LoginTestForNoOfUnsucessfulloginattempts" name="verifynoofunsucessloginattempts" time="1.698"/>
  <system-out/>
  <testcase classname="com.tutorialsninja.testcases.LoginTestForNoOfUnsucessfulloginattempts" name="verifynoofunsucessloginattempts" time="1.130"/>
  <system-out/>
  <testcase classname="com.tutorialsninja.testcases.LoginTestForNoOfUnsucessfulloginattempts" name="verifynoofunsucessloginattempts" time="0.828"/>
  <system-out/>
  <testcase classname="com.tutorialsninja.testcases.LoginTestForNoOfUnsucessfulloginattempts" name="verifynoofunsucessloginattempts" time="0.875"/>
  <system-out/>
  <testcase classname="com.tutorialsninja.testcases.LoginTestForNoOfUnsucessfulloginattempts" name="verifywarningmessageafter5unsucessfullloginattempts" time="1.122"/>
  <system-out/>
</testsuite> <!-- com.tutorialsninja.testcases.LoginTestForNoOfUnsucessfulloginattempts -->
