<?xml version="1.0" encoding="UTF-8"?>
<!-- Generated by org.testng.reporters.JUnitReportReporter -->
<testsuite hostname="DESKTOP-V4U71TT" failures="0" tests="9" name="com.tutorialsninja.testcases.Wishlist" time="104.720" errors="0" timestamp="2023-07-06T16:20:48 IST" skipped="0">
  <testcase classname="com.tutorialsninja.testcases.Wishlist" name="whennoproductsareadded" time="88.326"/>
  <system-out/>
  <testcase classname="com.tutorialsninja.testcases.Wishlist" name="verify_adding_firstproduct_to_wishlist_after_loginfrom_homepage" time="2.806"/>
  <system-out/>
  <testcase classname="com.tutorialsninja.testcases.Wishlist" name="verify_adding_second_product_from_searchresultspage" time="3.968"/>
  <system-out/>
  <testcase classname="com.tutorialsninja.testcases.Wishlist" name="verifyadding_third_product_to_wishlistfrom_categoryorsubcategoryofthehomepage" time="3.350"/>
  <system-out/>
  <testcase classname="com.tutorialsninja.testcases.Wishlist" name="verifyaddingfourthproductstowishlist" time="1.998"/>
  <system-out/>
  <testcase classname="com.tutorialsninja.testcases.Wishlist" name="verifyaddingfifthproductstowishlist" time="1.487"/>
  <system-out/>
  <testcase classname="com.tutorialsninja.testcases.Wishlist" name="verify_user_not_able_to_add_sixth_product_to_wishlist" time="1.485"/>
  <system-out/>
  <testcase classname="com.tutorialsninja.testcases.Wishlist" name="verifyaddingproducttocartfromwishlist" time="0.637"/>
  <system-out/>
  <testcase classname="com.tutorialsninja.testcases.Wishlist" name="verifyremoveproductfromwishlist" time="0.663"/>
  <system-out/>
</testsuite> <!-- com.tutorialsninja.testcases.Wishlist -->
