<?xml version="1.0" encoding="UTF-8"?>
<!-- Generated by org.testng.reporters.JUnitReportReporter -->
<testsuite hostname="DESKTOP-V4U71TT" failures="0" tests="5" name="com.tutorialsninja.testcases.loginDDTest" time="10.720" errors="0" timestamp="2023-07-06T07:30:09 IST" skipped="0">
  <testcase classname="com.tutorialsninja.testcases.loginDDTest" name="verify_login_with_invalid_credentials" time="1.272"/>
  <system-out/>
  <testcase classname="com.tutorialsninja.testcases.loginDDTest" name="verify_login_with_invalid_credentials" time="1.340"/>
  <system-out/>
  <testcase classname="com.tutorialsninja.testcases.loginDDTest" name="verify_login_with_invalid_credentials" time="2.157"/>
  <system-out/>
  <testcase classname="com.tutorialsninja.testcases.loginDDTest" name="verify_login_with_validsetof_crendentials" time="2.511"/>
  <system-out/>
  <testcase classname="com.tutorialsninja.testcases.loginDDTest" name="verify_login_with_validsetof_crendentials" time="3.440"/>
  <system-out/>
</testsuite> <!-- com.tutorialsninja.testcases.loginDDTest -->
