<?xml version="1.0" encoding="UTF-8"?>
<!-- Generated by org.testng.reporters.JUnitReportReporter -->
<testsuite hostname="DESKTOP-V4U71TT" failures="0" tests="5" name="com.tutorialsninja.testcases.loginddtvalidcrendentials" time="12.470" errors="0" timestamp="2023-07-04T09:01:48 IST" skipped="0">
  <testcase classname="com.tutorialsninja.testcases.loginddtvalidcrendentials" name="verify_login_with_invalid_credentials" time="1.302"/>
  <system-out/>
  <testcase classname="com.tutorialsninja.testcases.loginddtvalidcrendentials" name="verify_login_with_invalid_credentials" time="1.536"/>
  <system-out/>
  <testcase classname="com.tutorialsninja.testcases.loginddtvalidcrendentials" name="verify_login_with_invalid_credentials" time="1.650"/>
  <system-out/>
  <testcase classname="com.tutorialsninja.testcases.loginddtvalidcrendentials" name="verify_login_with_validsetof_crendentials" time="3.215"/>
  <system-out/>
  <testcase classname="com.tutorialsninja.testcases.loginddtvalidcrendentials" name="verify_login_with_validsetof_crendentials" time="4.767"/>
  <system-out/>
</testsuite> <!-- com.tutorialsninja.testcases.loginddtvalidcrendentials -->
