<?xml version="1.0" encoding="UTF-8"?>
<!-- Generated by org.testng.reporters.JUnitReportReporter -->
<testsuite hostname="DESKTOP-V4U71TT" failures="0" tests="5" name="com.tutorialsninja.testcases.LoginTest" time="45.950" errors="0" timestamp="2023-07-24T18:34:42 IST" skipped="0">
  <testcase classname="com.tutorialsninja.testcases.LoginTest" name="verify_login_with_valid_credencials" time="3.946"/>
  <system-out/>
  <testcase classname="com.tutorialsninja.testcases.LoginTest" name="verifyloggingintoapplicationusingkeyboardkeys" time="4.358"/>
  <system-out/>
  <testcase classname="com.tutorialsninja.testcases.LoginTest" name="verify_forgetpasswordlink_in_loginpage" time="2.310"/>
  <system-out/>
  <testcase classname="com.tutorialsninja.testcases.LoginTest" name="verify_password_is_not_visible_in_pagesource" time="0.929"/>
  <system-out/>
  <testcase classname="com.tutorialsninja.testcases.LoginTest" name="Verify_Logging_into_the_Application_closing_the_Browser_without_loggingout_and_opening_the_application_in_the_Browser_again" time="34.407"/>
  <system-out/>
</testsuite> <!-- com.tutorialsninja.testcases.LoginTest -->
