<?xml version="1.0" encoding="UTF-8"?>
<!-- Generated by org.testng.reporters.JUnitReportReporter -->
<testsuite hostname="DESKTOP-V4U71TT" failures="0" tests="5" name="com.tutorialsninja.testcases.LoginTest" time="48.961" errors="0" timestamp="2023-08-11T07:50:35 IST" skipped="0">
  <testcase classname="com.tutorialsninja.testcases.LoginTest" name="verify_login_with_valid_credencials" time="5.933"/>
  <system-out/>
  <testcase classname="com.tutorialsninja.testcases.LoginTest" name="verifyloggingintoapplicationusingkeyboardkeys" time="3.768"/>
  <system-out/>
  <testcase classname="com.tutorialsninja.testcases.LoginTest" name="verify_forgetpasswordlink_in_loginpage" time="0.969"/>
  <system-out/>
  <testcase classname="com.tutorialsninja.testcases.LoginTest" name="verify_password_is_not_visible_in_pagesource" time="1.095"/>
  <system-out/>
  <testcase classname="com.tutorialsninja.testcases.LoginTest" name="Verify_Logging_into_the_Application_closing_the_Browser_without_loggingout_and_opening_the_application_in_the_Browser_again" time="37.196"/>
  <system-out/>
</testsuite> <!-- com.tutorialsninja.testcases.LoginTest -->
