<?xml version="1.0" encoding="UTF-8"?>
<!-- Generated by org.testng.reporters.JUnitReportReporter -->
<testsuite hostname="DESKTOP-V4U71TT" failures="0" tests="5" name="com.tutorialsninja.testcases.loginDDTest" time="18.553" errors="0" timestamp="2023-08-11T07:50:35 IST" skipped="0">
  <testcase classname="com.tutorialsninja.testcases.loginDDTest" name="verify_login_with_invalid_credentials" time="2.221"/>
  <system-out/>
  <testcase classname="com.tutorialsninja.testcases.loginDDTest" name="verify_login_with_invalid_credentials" time="4.091"/>
  <system-out/>
  <testcase classname="com.tutorialsninja.testcases.loginDDTest" name="verify_login_with_invalid_credentials" time="6.212"/>
  <system-out/>
  <testcase classname="com.tutorialsninja.testcases.loginDDTest" name="verify_login_with_validsetof_crendentials" time="3.313"/>
  <system-out/>
  <testcase classname="com.tutorialsninja.testcases.loginDDTest" name="verify_login_with_validsetof_crendentials" time="2.716"/>
  <system-out/>
</testsuite> <!-- com.tutorialsninja.testcases.loginDDTest -->
